{
  "stats": {
    "suites": 1,
    "tests": 1,
    "passes": 1,
    "pending": 0,
    "failures": 0,
    "start": "2021-02-11T22:01:27.587Z",
    "end": "2021-02-11T22:01:43.452Z",
    "duration": 15865,
    "testsRegistered": 1,
    "passPercent": 100,
    "pendingPercent": 0,
    "other": 0,
    "hasOther": false,
    "skipped": 0,
    "hasSkipped": false
  },
  "results": [
    {
      "uuid": "32293b32-4f64-4cb8-8998-6ea4d752f82a",
      "title": "",
      "fullFile": "",
      "file": "",
      "beforeHooks": [],
      "afterHooks": [],
      "tests": [],
      "suites": [
        {
          "uuid": "de8cff28-4ede-4799-84b0-c52c8b12a0e7",
          "title": "JDDO",
          "fullFile": "/Users/mounika/IdeaProjects/cmc/cmc-ccd-e2e-tests/src/test/end-to-end/paths/JDDO.js",
          "file": "/src/test/end-to-end/paths/JDDO.js",
          "beforeHooks": [
            {
              "title": "\"before all\" hook: codeceptjs.beforeSuite",
              "fullTitle": "JDDO \"before all\" hook: codeceptjs.beforeSuite",
              "timedOut": false,
              "duration": 1,
              "state": null,
              "speed": null,
              "pass": false,
              "fail": false,
              "pending": false,
              "context": null,
              "code": "scenario.suiteSetup(suite)",
              "err": {},
              "uuid": "95129263-8962-4e43-b7e4-ddfddf294a22",
              "parentUUID": "de8cff28-4ede-4799-84b0-c52c8b12a0e7",
              "isHook": true,
              "skipped": false
            },
            {
              "title": "\"before each\" hook: codeceptjs.before",
              "fullTitle": "JDDO \"before each\" hook: codeceptjs.before",
              "timedOut": false,
              "duration": 300,
              "state": null,
              "speed": null,
              "pass": false,
              "fail": false,
              "pending": false,
              "context": null,
              "code": "scenario.setup(suite)",
              "err": {},
              "uuid": "54046af8-a54c-4bb5-addf-7716eec669f7",
              "parentUUID": "de8cff28-4ede-4799-84b0-c52c8b12a0e7",
              "isHook": true,
              "skipped": false
            }
          ],
          "afterHooks": [
            {
              "title": "\"after all\" hook: codeceptjs.afterSuite",
              "fullTitle": "JDDO \"after all\" hook: codeceptjs.afterSuite",
              "timedOut": false,
              "duration": 0,
              "state": null,
              "speed": null,
              "pass": false,
              "fail": false,
              "pending": false,
              "context": null,
              "code": "scenario.suiteTeardown(suite)",
              "err": {},
              "uuid": "ae6109f0-9c40-4c52-9330-9b3b425beeac",
              "parentUUID": "de8cff28-4ede-4799-84b0-c52c8b12a0e7",
              "isHook": true,
              "skipped": false
            },
            {
              "title": "\"after each\" hook: finalize codeceptjs",
              "fullTitle": "JDDO \"after each\" hook: finalize codeceptjs",
              "timedOut": false,
              "duration": 41,
              "state": null,
              "speed": null,
              "pass": false,
              "fail": false,
              "pending": false,
              "context": null,
              "code": "scenario.teardown(suite)",
              "err": {},
              "uuid": "bd62897d-0026-4d8d-8f06-58cdb555b217",
              "parentUUID": "de8cff28-4ede-4799-84b0-c52c8b12a0e7",
              "isHook": true,
              "skipped": false
            }
          ],
          "tests": [
            {
              "title": "JDDO",
              "fullTitle": "JDDO: JDDO",
              "timedOut": false,
              "duration": 15520,
              "state": "passed",
              "speed": "slow",
              "pass": true,
              "fail": false,
              "pending": false,
              "context": null,
              "code": "await I.authenticateWithIdamIfAvailable(ccdUserType.JUDGE, false);",
              "err": {},
              "uuid": "acfff73f-7a32-415e-90dc-c81c7faffb1b",
              "parentUUID": "de8cff28-4ede-4799-84b0-c52c8b12a0e7",
              "isHook": false,
              "skipped": false
            }
          ],
          "suites": [],
          "passes": [
            "acfff73f-7a32-415e-90dc-c81c7faffb1b"
          ],
          "failures": [],
          "pending": [],
          "skipped": [],
          "duration": 15520,
          "root": false,
          "rootEmpty": false,
          "_timeout": 0
        }
      ],
      "passes": [],
      "failures": [],
      "pending": [],
      "skipped": [],
      "duration": 0,
      "root": true,
      "rootEmpty": true,
      "_timeout": 0
    }
  ],
  "meta": {
    "mocha": {
      "version": "5.2.0"
    },
    "mochawesome": {
      "options": {
        "quiet": false,
        "reportFilename": "mochawesome",
        "saveHtml": true,
        "saveJson": true,
        "consoleReporter": "spec",
        "useInlineDiffs": false
      },
      "version": "4.1.0"
    },
    "marge": {
      "options": {
        "reportDir": "functional-output/parallel_chunk1_4697d80bdefdef94aaba8756c0032a6f_1",
        "reportName": "index",
        "inlineAssets": true
      },
      "version": "4.1.0"
    }
  }
}